Build started 29/08/2011 15:54:07.
     1>Project "H:\Programmering\C++\Eget\Tester\Functions\Functions\Functions.vcxproj" on node 2 (build target(s)).
     1>InitializeBuildStatus:
         Touching "Debug\Functions.unsuccessfulbuild".
       ClCompile:
         D:\Program Files (x86)\Visual Studio\VC\bin\CL.exe /c /ZI /nologo /W3 /WX- /Od /Oy- /D WIN32 /D _DEBUG /D _CONSOLE /D _UNICODE /D UNICODE /Gm /EHsc /RTC1 /MDd /GS /fp:precise /Zc:wchar_t /Zc:forScope /Fo"Debug\\" /Fd"Debug\vc100.pdb" /Gd /TP /analyze- /errorReport:prompt Addition.cpp underclass.cpp
         underclass.cpp
         Addition.cpp
     1>h:\programmering\c++\eget\tester\functions\functions\addition.cpp(5): error C2144: syntax error : 'int' should be preceded by ';'
         Generating Code...
     1>Done Building Project "H:\Programmering\C++\Eget\Tester\Functions\Functions\Functions.vcxproj" (build target(s)) -- FAILED.

Build FAILED.

Time Elapsed 00:00:00.65
